<?xml version="1.0" encoding="UTF-8"?>
<testng-results ignored="0" total="1" passed="1" failed="0" skipped="0">
  <reporter-output>
  </reporter-output>
  <suite started-at="2026-03-28T23:24:22 IST" name="Test Suite" finished-at="2026-03-28T23:27:54 IST" duration-ms="211210">
    <groups>
    </groups>
    <test started-at="2026-03-28T23:24:22 IST" name="Sample Test" finished-at="2026-03-28T23:27:54 IST" duration-ms="211210">
      <class name="Task02.AmazonSearchAutomation">
        <test-method signature="amazonSearchTest()[pri:0, instance:Task02.AmazonSearchAutomation@76505305]" started-at="2026-03-28T23:24:23 IST" name="amazonSearchTest" finished-at="2026-03-28T23:27:54 IST" duration-ms="211126" status="PASS">
          <reporter-output>
          </reporter-output>
        </test-method> <!-- amazonSearchTest -->
      </class> <!-- Task02.AmazonSearchAutomation -->
    </test> <!-- Sample Test -->
  </suite> <!-- Test Suite -->
</testng-results>
